<?xml version="1.0" encoding="UTF-8"?>
<!-- Generated by org.testng.reporters.JUnitReportReporter -->
<testsuite hostname="DESKTOP-VN1ESIG" failures="0" tests="2" name="rahulshettyacademy.Tests.ErrorValidationTest" time="22.306" errors="0" timestamp="21 Feb 2024 17:58:04 GMT">
  <testcase classname="rahulshettyacademy.Tests.ErrorValidationTest" name="LoginErrorValidation" time="4.273"/>
  <testcase classname="rahulshettyacademy.Tests.ErrorValidationTest" name="productErrorValidation" time="18.033"/>
</testsuite> <!-- rahulshettyacademy.Tests.ErrorValidationTest -->
