<?xml version="1.0" encoding="UTF-8"?>
<!-- Generated by org.testng.reporters.JUnitReportReporter -->
<testsuite hostname="DESKTOP-VN1ESIG" failures="0" tests="1" name="cucumber.TestNgTestRunner" time="28.803" errors="0" timestamp="6 Mar 2024 17:48:13 GMT">
  <testcase classname="cucumber.TestNgTestRunner" name="runScenario" time="28.803"/>
</testsuite> <!-- cucumber.TestNgTestRunner -->
