<?xml version="1.0" encoding="UTF-8"?>
<!-- Generated by org.testng.reporters.JUnitReportReporter -->
<testsuite hostname="DESKTOP-VN1ESIG" failures="0" tests="2" name="rahulshettyacademy.Tests.ErrorValidationTest" time="23.860" errors="0" timestamp="6 Mar 2024 18:11:17 GMT">
  <testcase classname="rahulshettyacademy.Tests.ErrorValidationTest" name="LoginErrorValidation" time="6.248"/>
  <testcase classname="rahulshettyacademy.Tests.ErrorValidationTest" name="productErrorValidation" time="17.612"/>
</testsuite> <!-- rahulshettyacademy.Tests.ErrorValidationTest -->
